<?xml version="1.0" encoding="utf-8"?><testsuites name="pytest tests"><testsuite name="pytest" errors="0" failures="0" skipped="0" tests="15" time="1.530" timestamp="2026-05-24T09:36:25.608369+00:00" hostname="agent-env-c6f1ab24-0966-4539-9b79-4c1a7bdebc57"><testcase classname="backend.tests.test_admin_apis.TestPublic" name="test_root" time="0.312" /><testcase classname="backend.tests.test_admin_apis.TestPublic" name="test_states" time="0.047" /><testcase classname="backend.tests.test_admin_apis.TestPublic" name="test_languages" time="0.045" /><testcase classname="backend.tests.test_admin_apis.TestPublic" name="test_get_news" time="0.143" /><testcase classname="backend.tests.test_admin_apis.TestPublic" name="test_get_ads" time="0.058" /><testcase classname="backend.tests.test_admin_apis.TestAdminLogin" name="test_login_success" time="0.048" /><testcase classname="backend.tests.test_admin_apis.TestAdminLogin" name="test_login_invalid" time="0.047" /><testcase classname="backend.tests.test_admin_apis.TestAdminContent" name="test_create_admin_news" time="0.047" /><testcase classname="backend.tests.test_admin_apis.TestAdminContent" name="test_admin_news_appears_in_feed_first" time="0.214" /><testcase classname="backend.tests.test_admin_apis.TestAdminContent" name="test_create_ad" time="0.050" /><testcase classname="backend.tests.test_admin_apis.TestAdminContent" name="test_ad_appears_in_ads_list" time="0.060" /><testcase classname="backend.tests.test_admin_apis.TestAdminContent" name="test_create_news_missing_required_fields" time="0.047" /><testcase classname="backend.tests.test_admin_apis.TestAdminContent" name="test_create_ad_missing_required_fields" time="0.050" /><testcase classname="backend.tests.test_admin_apis.TestAdminContent" name="test_cleanup_news" time="0.054" /><testcase classname="backend.tests.test_admin_apis.TestAdminContent" name="test_cleanup_ad" time="0.047" /></testsuite></testsuites>