<?xml version="1.0" encoding="utf-8"?><testsuites name="pytest tests"><testsuite name="pytest" errors="0" failures="0" skipped="0" tests="18" time="7.353" timestamp="2026-05-24T10:01:09.554956+00:00" hostname="agent-env-c6f1ab24-0966-4539-9b79-4c1a7bdebc57"><testcase classname="backend.tests.test_admin_apis.TestPublic" name="test_root" time="3.403" /><testcase classname="backend.tests.test_admin_apis.TestPublic" name="test_get_news" time="0.156" /><testcase classname="backend.tests.test_admin_apis.TestPublic" name="test_get_ads" time="0.047" /><testcase classname="backend.tests.test_admin_apis.TestAdminLogin" name="test_login_success" time="0.045" /><testcase classname="backend.tests.test_admin_apis.TestAdminLogin" name="test_login_invalid" time="0.045" /><testcase classname="backend.tests.test_admin_apis.TestAdminContent" name="test_create_admin_news" time="0.046" /><testcase classname="backend.tests.test_admin_apis.TestAdminContent" name="test_admin_news_appears_in_feed_first" time="0.325" /><testcase classname="backend.tests.test_admin_apis.TestAdminContent" name="test_create_ad_slot1" time="0.046" /><testcase classname="backend.tests.test_admin_apis.TestAdminContent" name="test_create_ad_slot2" time="0.046" /><testcase classname="backend.tests.test_admin_apis.TestAdminListEndpoints" name="test_news_list_returns_data" time="0.635" /><testcase classname="backend.tests.test_admin_apis.TestAdminListEndpoints" name="test_news_list_excludes_objectid_and_content" time="0.603" /><testcase classname="backend.tests.test_admin_apis.TestAdminListEndpoints" name="test_news_list_admin_news_first" time="0.607" /><testcase classname="backend.tests.test_admin_apis.TestAdminListEndpoints" name="test_ads_list_returns_data" time="0.052" /><testcase classname="backend.tests.test_admin_apis.TestAdminListEndpoints" name="test_ads_list_excludes_media_and_objectid" time="0.046" /><testcase classname="backend.tests.test_admin_apis.TestAdminListEndpoints" name="test_ads_list_sorted_by_position" time="0.045" /><testcase classname="backend.tests.test_admin_apis.TestAdminDelete" name="test_delete_created_news" time="0.645" /><testcase classname="backend.tests.test_admin_apis.TestAdminDelete" name="test_delete_nonexistent_news_returns_404" time="0.047" /><testcase classname="backend.tests.test_admin_apis.TestAdminDelete" name="test_delete_created_ads" time="0.132" /></testsuite></testsuites>